2022-07-15 14:43:41,229 - mmdet - INFO - Environment info:
------------------------------------------------------------
sys.platform: linux
Python: 3.10.4 (main, Jun 29 2022, 12:14:53) [GCC 11.2.0]
CUDA available: True
GPU 0: NVIDIA GeForce GTX 1650
CUDA_HOME: /usr/local/cuda-11.7
NVCC: Cuda compilation tools, release 11.7, V11.7.64
GCC: x86_64-linux-gnu-gcc (Ubuntu 11.2.0-19ubuntu1) 11.2.0
PyTorch: 1.11.0+cu102
PyTorch compiling details: PyTorch built with:
  - GCC 7.3
  - C++ Version: 201402
  - Intel(R) Math Kernel Library Version 2020.0.0 Product Build 20191122 for Intel(R) 64 architecture applications
  - Intel(R) MKL-DNN v2.5.2 (Git Hash a9302535553c73243c632ad3c4c80beec3d19a1e)
  - OpenMP 201511 (a.k.a. OpenMP 4.5)
  - LAPACK is enabled (usually provided by MKL)
  - NNPACK is enabled
  - CPU capability usage: AVX2
  - CUDA Runtime 10.2
  - NVCC architecture flags: -gencode;arch=compute_37,code=sm_37;-gencode;arch=compute_50,code=sm_50;-gencode;arch=compute_60,code=sm_60;-gencode;arch=compute_70,code=sm_70
  - CuDNN 7.6.5
  - Magma 2.5.2
  - Build settings: BLAS_INFO=mkl, BUILD_TYPE=Release, CUDA_VERSION=10.2, CUDNN_VERSION=7.6.5, CXX_COMPILER=/opt/rh/devtoolset-7/root/usr/bin/c++, CXX_FLAGS= -Wno-deprecated -fvisibility-inlines-hidden -DUSE_PTHREADPOOL -fopenmp -DNDEBUG -DUSE_KINETO -DUSE_FBGEMM -DUSE_QNNPACK -DUSE_PYTORCH_QNNPACK -DUSE_XNNPACK -DSYMBOLICATE_MOBILE_DEBUG_HANDLE -DEDGE_PROFILER_USE_KINETO -O2 -fPIC -Wno-narrowing -Wall -Wextra -Werror=return-type -Wno-missing-field-initializers -Wno-type-limits -Wno-array-bounds -Wno-unknown-pragmas -Wno-sign-compare -Wno-unused-parameter -Wno-unused-function -Wno-unused-result -Wno-unused-local-typedefs -Wno-strict-overflow -Wno-strict-aliasing -Wno-error=deprecated-declarations -Wno-stringop-overflow -Wno-psabi -Wno-error=pedantic -Wno-error=redundant-decls -Wno-error=old-style-cast -fdiagnostics-color=always -faligned-new -Wno-unused-but-set-variable -Wno-maybe-uninitialized -fno-math-errno -fno-trapping-math -Werror=format -Wno-stringop-overflow, LAPACK_INFO=mkl, PERF_WITH_AVX=1, PERF_WITH_AVX2=1, PERF_WITH_AVX512=1, TORCH_VERSION=1.11.0, USE_CUDA=ON, USE_CUDNN=ON, USE_EXCEPTION_PTR=1, USE_GFLAGS=OFF, USE_GLOG=OFF, USE_MKL=ON, USE_MKLDNN=OFF, USE_MPI=OFF, USE_NCCL=ON, USE_NNPACK=ON, USE_OPENMP=ON, USE_ROCM=OFF, 

TorchVision: 0.12.0+cu102
OpenCV: 4.6.0
MMCV: 1.5.3
MMCV Compiler: GCC 7.3
MMCV CUDA Compiler: 10.2
MMDetection: 2.25.0+56e42e7
------------------------------------------------------------

2022-07-15 14:43:42,457 - mmdet - INFO - Distributed training: False
2022-07-15 14:43:43,605 - mmdet - INFO - Config:
dataset_type = 'CocoDataset'
data_root = '/home/akay/Masaüstü/mm/mmdetection/'
img_norm_cfg = dict(
    mean=[123.675, 116.28, 103.53], std=[58.395, 57.12, 57.375], to_rgb=True)
train_pipeline = [
    dict(type='LoadImageFromFile'),
    dict(type='LoadAnnotations', with_bbox=True),
    dict(type='Resize', img_scale=(1280, 720), keep_ratio=True),
    dict(type='RandomFlip', flip_ratio=0.0),
    dict(
        type='Normalize',
        mean=[123.675, 116.28, 103.53],
        std=[58.395, 57.12, 57.375],
        to_rgb=True),
    dict(type='Pad', size_divisor=32),
    dict(type='DefaultFormatBundle'),
    dict(type='Collect', keys=['img', 'gt_bboxes', 'gt_labels'])
]
test_pipeline = [
    dict(type='LoadImageFromFile'),
    dict(
        type='MultiScaleFlipAug',
        img_scale=(1280, 720),
        flip=False,
        transforms=[
            dict(type='Resize', keep_ratio=True),
            dict(
                type='Normalize',
                mean=[123.675, 116.28, 103.53],
                std=[58.395, 57.12, 57.375],
                to_rgb=True),
            dict(type='Pad', size_divisor=32),
            dict(type='ImageToTensor', keys=['img']),
            dict(type='Collect', keys=['img'])
        ])
]
data = dict(
    samples_per_gpu=1,
    workers_per_gpu=1,
    train=dict(
        type='CocoDataset',
        ann_file=
        '/home/akay/Masaüstü/mm/mmdetection/datasets/ulasim/fezamodel/train/fezamodeltrain.json',
        img_prefix=
        '/home/akay/Masaüstü/mm/mmdetection/datasets/ulasim/fezamodel/train/images',
        pipeline=[
            dict(type='LoadImageFromFile'),
            dict(type='LoadAnnotations', with_bbox=True),
            dict(type='Resize', img_scale=(1280, 720), keep_ratio=True),
            dict(type='RandomFlip', flip_ratio=0.0),
            dict(
                type='Normalize',
                mean=[123.675, 116.28, 103.53],
                std=[58.395, 57.12, 57.375],
                to_rgb=True),
            dict(type='Pad', size_divisor=32),
            dict(type='DefaultFormatBundle'),
            dict(type='Collect', keys=['img', 'gt_bboxes', 'gt_labels'])
        ],
        classes=('pedestrian', 'vehicle', 'big_vehicle', 'extra_vehicle')),
    val=dict(
        type='CocoDataset',
        ann_file=
        '/home/akay/Masaüstü/mm/mmdetection/datasets/ulasim/fezamodel/val/fezamodelval.json',
        img_prefix=
        '/home/akay/Masaüstü/mm/mmdetection/datasets/ulasim/fezamodel/val/images',
        pipeline=[
            dict(type='LoadImageFromFile'),
            dict(
                type='MultiScaleFlipAug',
                img_scale=(1280, 720),
                flip=False,
                transforms=[
                    dict(type='Resize', keep_ratio=True),
                    dict(
                        type='Normalize',
                        mean=[123.675, 116.28, 103.53],
                        std=[58.395, 57.12, 57.375],
                        to_rgb=True),
                    dict(type='Pad', size_divisor=32),
                    dict(type='ImageToTensor', keys=['img']),
                    dict(type='Collect', keys=['img'])
                ])
        ],
        classes=('pedestrian', 'vehicle', 'big_vehicle', 'extra_vehicle')),
    test=dict(
        type='CocoDataset',
        ann_file=
        '/home/akay/Masaüstü/mm/mmdetection/datasets/ulasim/fezamodel/val/fezamodelval.json',
        img_prefix=
        '/home/akay/Masaüstü/mm/mmdetection/datasets/ulasim/fezamodel/val/images',
        pipeline=[
            dict(type='LoadImageFromFile'),
            dict(
                type='MultiScaleFlipAug',
                img_scale=(1280, 720),
                flip=False,
                transforms=[
                    dict(type='Resize', keep_ratio=True),
                    dict(
                        type='Normalize',
                        mean=[123.675, 116.28, 103.53],
                        std=[58.395, 57.12, 57.375],
                        to_rgb=True),
                    dict(type='Pad', size_divisor=32),
                    dict(type='ImageToTensor', keys=['img']),
                    dict(type='Collect', keys=['img'])
                ])
        ],
        classes=('pedestrian', 'vehicle', 'big_vehicle', 'extra_vehicle')))
evaluation = dict(interval=1, metric='bbox', save_best='bbox_mAP')
optimizer = dict(type='AdamW', lr=0.0001, weight_decay=0.0001)
optimizer_config = dict(grad_clip=None)
lr_config = dict(
    policy='step',
    warmup='linear',
    warmup_iters=500,
    warmup_ratio=0.001,
    step=[8, 11])
runner = dict(type='EpochBasedRunner', max_epochs=30)
checkpoint_config = dict(interval=-1)
log_config = dict(interval=50, hooks=[dict(type='TextLoggerHook')])
custom_hooks = [dict(type='SetEpochInfoHook')]
dist_params = dict(backend='nccl')
log_level = 'INFO'
load_from = None
resume_from = None
workflow = [('train', 1)]
opencv_num_threads = 0
mp_start_method = 'fork'
auto_scale_lr = dict(enable=False, base_batch_size=16)
custom_imports = dict(imports=['mmcls.models'], allow_failed_imports=False)
checkpoint_file = 'https://download.openmmlab.com/mmclassification/v0/convnext/downstream/convnext-tiny_3rdparty_32xb128-noema_in1k_20220301-795e9634.pth'
model = dict(
    type='TOOD',
    backbone=dict(
        type='mmcls.ConvNeXt',
        arch='tiny',
        out_indices=[0, 1, 2, 3],
        drop_path_rate=0.2,
        layer_scale_init_value=1.0,
        gap_before_final_norm=False,
        init_cfg=dict(
            type='Pretrained',
            checkpoint=
            'https://download.openmmlab.com/mmclassification/v0/convnext/downstream/convnext-tiny_3rdparty_32xb128-noema_in1k_20220301-795e9634.pth',
            prefix='backbone.')),
    neck=dict(
        type='FPN',
        in_channels=[96, 192, 384, 768],
        out_channels=256,
        start_level=1,
        add_extra_convs='on_output',
        num_outs=5),
    bbox_head=dict(
        type='TOODHead',
        num_classes=4,
        in_channels=256,
        stacked_convs=6,
        feat_channels=256,
        anchor_type='anchor_free',
        anchor_generator=dict(
            type='AnchorGenerator',
            ratios=[1.0],
            octave_base_scale=8,
            scales_per_octave=1,
            strides=[8, 16, 32, 64, 128]),
        bbox_coder=dict(
            type='DeltaXYWHBBoxCoder',
            target_means=[0.0, 0.0, 0.0, 0.0],
            target_stds=[0.1, 0.1, 0.2, 0.2]),
        initial_loss_cls=dict(
            type='FocalLoss',
            use_sigmoid=True,
            activated=True,
            gamma=2.0,
            alpha=0.25,
            loss_weight=1.0),
        loss_cls=dict(
            type='QualityFocalLoss',
            use_sigmoid=True,
            activated=True,
            beta=2.0,
            loss_weight=1.0),
        loss_bbox=dict(type='GIoULoss', loss_weight=2.0)),
    train_cfg=dict(
        initial_epoch=4,
        initial_assigner=dict(type='ATSSAssigner', topk=9),
        assigner=dict(type='TaskAlignedAssigner', topk=13),
        alpha=1,
        beta=6,
        allowed_border=-1,
        pos_weight=-1,
        debug=False),
    test_cfg=dict(
        nms_pre=1000,
        min_bbox_size=0,
        score_thr=0.05,
        nms=dict(type='soft_nms', iou_threshold=0.6),
        max_per_img=100))
classes = ('pedestrian', 'vehicle', 'big_vehicle', 'extra_vehicle')
work_dir = './work_dirs/fezamodel_cnext_fpn_thead'
auto_resume = False
gpu_ids = [0]

2022-07-15 14:43:43,607 - mmdet - INFO - Set random seed to 1325875688, deterministic: False
2022-07-15 14:43:43,897 - mmdet - INFO - initialize ConvNeXt with init_cfg {'type': 'Pretrained', 'checkpoint': 'https://download.openmmlab.com/mmclassification/v0/convnext/downstream/convnext-tiny_3rdparty_32xb128-noema_in1k_20220301-795e9634.pth', 'prefix': 'backbone.'}
2022-07-15 14:43:44,030 - mmdet - INFO - initialize FPN with init_cfg {'type': 'Xavier', 'layer': 'Conv2d', 'distribution': 'uniform'}
Name of parameter - Initialization information

backbone.downsample_layers.0.0.weight - torch.Size([96, 3, 4, 4]): 
PretrainedInit: load from https://download.openmmlab.com/mmclassification/v0/convnext/downstream/convnext-tiny_3rdparty_32xb128-noema_in1k_20220301-795e9634.pth 

backbone.downsample_layers.0.0.bias - torch.Size([96]): 
PretrainedInit: load from https://download.openmmlab.com/mmclassification/v0/convnext/downstream/convnext-tiny_3rdparty_32xb128-noema_in1k_20220301-795e9634.pth 

backbone.downsample_layers.0.1.weight - torch.Size([96]): 
PretrainedInit: load from https://download.openmmlab.com/mmclassification/v0/convnext/downstream/convnext-tiny_3rdparty_32xb128-noema_in1k_20220301-795e9634.pth 

backbone.downsample_layers.0.1.bias - torch.Size([96]): 
PretrainedInit: load from https://download.openmmlab.com/mmclassification/v0/convnext/downstream/convnext-tiny_3rdparty_32xb128-noema_in1k_20220301-795e9634.pth 

backbone.downsample_layers.1.0.weight - torch.Size([96]): 
PretrainedInit: load from https://download.openmmlab.com/mmclassification/v0/convnext/downstream/convnext-tiny_3rdparty_32xb128-noema_in1k_20220301-795e9634.pth 

backbone.downsample_layers.1.0.bias - torch.Size([96]): 
PretrainedInit: load from https://download.openmmlab.com/mmclassification/v0/convnext/downstream/convnext-tiny_3rdparty_32xb128-noema_in1k_20220301-795e9634.pth 

backbone.downsample_layers.1.1.weight - torch.Size([192, 96, 2, 2]): 
PretrainedInit: load from https://download.openmmlab.com/mmclassification/v0/convnext/downstream/convnext-tiny_3rdparty_32xb128-noema_in1k_20220301-795e9634.pth 

backbone.downsample_layers.1.1.bias - torch.Size([192]): 
PretrainedInit: load from https://download.openmmlab.com/mmclassification/v0/convnext/downstream/convnext-tiny_3rdparty_32xb128-noema_in1k_20220301-795e9634.pth 

backbone.downsample_layers.2.0.weight - torch.Size([192]): 
PretrainedInit: load from https://download.openmmlab.com/mmclassification/v0/convnext/downstream/convnext-tiny_3rdparty_32xb128-noema_in1k_20220301-795e9634.pth 

backbone.downsample_layers.2.0.bias - torch.Size([192]): 
PretrainedInit: load from https://download.openmmlab.com/mmclassification/v0/convnext/downstream/convnext-tiny_3rdparty_32xb128-noema_in1k_20220301-795e9634.pth 

backbone.downsample_layers.2.1.weight - torch.Size([384, 192, 2, 2]): 
PretrainedInit: load from https://download.openmmlab.com/mmclassification/v0/convnext/downstream/convnext-tiny_3rdparty_32xb128-noema_in1k_20220301-795e9634.pth 

backbone.downsample_layers.2.1.bias - torch.Size([384]): 
PretrainedInit: load from https://download.openmmlab.com/mmclassification/v0/convnext/downstream/convnext-tiny_3rdparty_32xb128-noema_in1k_20220301-795e9634.pth 

backbone.downsample_layers.3.0.weight - torch.Size([384]): 
PretrainedInit: load from https://download.openmmlab.com/mmclassification/v0/convnext/downstream/convnext-tiny_3rdparty_32xb128-noema_in1k_20220301-795e9634.pth 

backbone.downsample_layers.3.0.bias - torch.Size([384]): 
PretrainedInit: load from https://download.openmmlab.com/mmclassification/v0/convnext/downstream/convnext-tiny_3rdparty_32xb128-noema_in1k_20220301-795e9634.pth 

backbone.downsample_layers.3.1.weight - torch.Size([768, 384, 2, 2]): 
PretrainedInit: load from https://download.openmmlab.com/mmclassification/v0/convnext/downstream/convnext-tiny_3rdparty_32xb128-noema_in1k_20220301-795e9634.pth 

backbone.downsample_layers.3.1.bias - torch.Size([768]): 
PretrainedInit: load from https://download.openmmlab.com/mmclassification/v0/convnext/downstream/convnext-tiny_3rdparty_32xb128-noema_in1k_20220301-795e9634.pth 

backbone.stages.0.0.gamma - torch.Size([96]): 
PretrainedInit: load from https://download.openmmlab.com/mmclassification/v0/convnext/downstream/convnext-tiny_3rdparty_32xb128-noema_in1k_20220301-795e9634.pth 

backbone.stages.0.0.depthwise_conv.weight - torch.Size([96, 1, 7, 7]): 
PretrainedInit: load from https://download.openmmlab.com/mmclassification/v0/convnext/downstream/convnext-tiny_3rdparty_32xb128-noema_in1k_20220301-795e9634.pth 

backbone.stages.0.0.depthwise_conv.bias - torch.Size([96]): 
PretrainedInit: load from https://download.openmmlab.com/mmclassification/v0/convnext/downstream/convnext-tiny_3rdparty_32xb128-noema_in1k_20220301-795e9634.pth 

backbone.stages.0.0.norm.weight - torch.Size([96]): 
PretrainedInit: load from https://download.openmmlab.com/mmclassification/v0/convnext/downstream/convnext-tiny_3rdparty_32xb128-noema_in1k_20220301-795e9634.pth 

backbone.stages.0.0.norm.bias - torch.Size([96]): 
PretrainedInit: load from https://download.openmmlab.com/mmclassification/v0/convnext/downstream/convnext-tiny_3rdparty_32xb128-noema_in1k_20220301-795e9634.pth 

backbone.stages.0.0.pointwise_conv1.weight - torch.Size([384, 96]): 
PretrainedInit: load from https://download.openmmlab.com/mmclassification/v0/convnext/downstream/convnext-tiny_3rdparty_32xb128-noema_in1k_20220301-795e9634.pth 

backbone.stages.0.0.pointwise_conv1.bias - torch.Size([384]): 
PretrainedInit: load from https://download.openmmlab.com/mmclassification/v0/convnext/downstream/convnext-tiny_3rdparty_32xb128-noema_in1k_20220301-795e9634.pth 

backbone.stages.0.0.pointwise_conv2.weight - torch.Size([96, 384]): 
PretrainedInit: load from https://download.openmmlab.com/mmclassification/v0/convnext/downstream/convnext-tiny_3rdparty_32xb128-noema_in1k_20220301-795e9634.pth 

backbone.stages.0.0.pointwise_conv2.bias - torch.Size([96]): 
PretrainedInit: load from https://download.openmmlab.com/mmclassification/v0/convnext/downstream/convnext-tiny_3rdparty_32xb128-noema_in1k_20220301-795e9634.pth 

backbone.stages.0.1.gamma - torch.Size([96]): 
PretrainedInit: load from https://download.openmmlab.com/mmclassification/v0/convnext/downstream/convnext-tiny_3rdparty_32xb128-noema_in1k_20220301-795e9634.pth 

backbone.stages.0.1.depthwise_conv.weight - torch.Size([96, 1, 7, 7]): 
PretrainedInit: load from https://download.openmmlab.com/mmclassification/v0/convnext/downstream/convnext-tiny_3rdparty_32xb128-noema_in1k_20220301-795e9634.pth 

backbone.stages.0.1.depthwise_conv.bias - torch.Size([96]): 
PretrainedInit: load from https://download.openmmlab.com/mmclassification/v0/convnext/downstream/convnext-tiny_3rdparty_32xb128-noema_in1k_20220301-795e9634.pth 

backbone.stages.0.1.norm.weight - torch.Size([96]): 
PretrainedInit: load from https://download.openmmlab.com/mmclassification/v0/convnext/downstream/convnext-tiny_3rdparty_32xb128-noema_in1k_20220301-795e9634.pth 

backbone.stages.0.1.norm.bias - torch.Size([96]): 
PretrainedInit: load from https://download.openmmlab.com/mmclassification/v0/convnext/downstream/convnext-tiny_3rdparty_32xb128-noema_in1k_20220301-795e9634.pth 

backbone.stages.0.1.pointwise_conv1.weight - torch.Size([384, 96]): 
PretrainedInit: load from https://download.openmmlab.com/mmclassification/v0/convnext/downstream/convnext-tiny_3rdparty_32xb128-noema_in1k_20220301-795e9634.pth 

backbone.stages.0.1.pointwise_conv1.bias - torch.Size([384]): 
PretrainedInit: load from https://download.openmmlab.com/mmclassification/v0/convnext/downstream/convnext-tiny_3rdparty_32xb128-noema_in1k_20220301-795e9634.pth 

backbone.stages.0.1.pointwise_conv2.weight - torch.Size([96, 384]): 
PretrainedInit: load from https://download.openmmlab.com/mmclassification/v0/convnext/downstream/convnext-tiny_3rdparty_32xb128-noema_in1k_20220301-795e9634.pth 

backbone.stages.0.1.pointwise_conv2.bias - torch.Size([96]): 
PretrainedInit: load from https://download.openmmlab.com/mmclassification/v0/convnext/downstream/convnext-tiny_3rdparty_32xb128-noema_in1k_20220301-795e9634.pth 

backbone.stages.0.2.gamma - torch.Size([96]): 
PretrainedInit: load from https://download.openmmlab.com/mmclassification/v0/convnext/downstream/convnext-tiny_3rdparty_32xb128-noema_in1k_20220301-795e9634.pth 

backbone.stages.0.2.depthwise_conv.weight - torch.Size([96, 1, 7, 7]): 
PretrainedInit: load from https://download.openmmlab.com/mmclassification/v0/convnext/downstream/convnext-tiny_3rdparty_32xb128-noema_in1k_20220301-795e9634.pth 

backbone.stages.0.2.depthwise_conv.bias - torch.Size([96]): 
PretrainedInit: load from https://download.openmmlab.com/mmclassification/v0/convnext/downstream/convnext-tiny_3rdparty_32xb128-noema_in1k_20220301-795e9634.pth 

backbone.stages.0.2.norm.weight - torch.Size([96]): 
PretrainedInit: load from https://download.openmmlab.com/mmclassification/v0/convnext/downstream/convnext-tiny_3rdparty_32xb128-noema_in1k_20220301-795e9634.pth 

backbone.stages.0.2.norm.bias - torch.Size([96]): 
PretrainedInit: load from https://download.openmmlab.com/mmclassification/v0/convnext/downstream/convnext-tiny_3rdparty_32xb128-noema_in1k_20220301-795e9634.pth 

backbone.stages.0.2.pointwise_conv1.weight - torch.Size([384, 96]): 
PretrainedInit: load from https://download.openmmlab.com/mmclassification/v0/convnext/downstream/convnext-tiny_3rdparty_32xb128-noema_in1k_20220301-795e9634.pth 

backbone.stages.0.2.pointwise_conv1.bias - torch.Size([384]): 
PretrainedInit: load from https://download.openmmlab.com/mmclassification/v0/convnext/downstream/convnext-tiny_3rdparty_32xb128-noema_in1k_20220301-795e9634.pth 

backbone.stages.0.2.pointwise_conv2.weight - torch.Size([96, 384]): 
PretrainedInit: load from https://download.openmmlab.com/mmclassification/v0/convnext/downstream/convnext-tiny_3rdparty_32xb128-noema_in1k_20220301-795e9634.pth 

backbone.stages.0.2.pointwise_conv2.bias - torch.Size([96]): 
PretrainedInit: load from https://download.openmmlab.com/mmclassification/v0/convnext/downstream/convnext-tiny_3rdparty_32xb128-noema_in1k_20220301-795e9634.pth 

backbone.stages.1.0.gamma - torch.Size([192]): 
PretrainedInit: load from https://download.openmmlab.com/mmclassification/v0/convnext/downstream/convnext-tiny_3rdparty_32xb128-noema_in1k_20220301-795e9634.pth 

backbone.stages.1.0.depthwise_conv.weight - torch.Size([192, 1, 7, 7]): 
PretrainedInit: load from https://download.openmmlab.com/mmclassification/v0/convnext/downstream/convnext-tiny_3rdparty_32xb128-noema_in1k_20220301-795e9634.pth 

backbone.stages.1.0.depthwise_conv.bias - torch.Size([192]): 
PretrainedInit: load from https://download.openmmlab.com/mmclassification/v0/convnext/downstream/convnext-tiny_3rdparty_32xb128-noema_in1k_20220301-795e9634.pth 

backbone.stages.1.0.norm.weight - torch.Size([192]): 
PretrainedInit: load from https://download.openmmlab.com/mmclassification/v0/convnext/downstream/convnext-tiny_3rdparty_32xb128-noema_in1k_20220301-795e9634.pth 

backbone.stages.1.0.norm.bias - torch.Size([192]): 
PretrainedInit: load from https://download.openmmlab.com/mmclassification/v0/convnext/downstream/convnext-tiny_3rdparty_32xb128-noema_in1k_20220301-795e9634.pth 

backbone.stages.1.0.pointwise_conv1.weight - torch.Size([768, 192]): 
PretrainedInit: load from https://download.openmmlab.com/mmclassification/v0/convnext/downstream/convnext-tiny_3rdparty_32xb128-noema_in1k_20220301-795e9634.pth 

backbone.stages.1.0.pointwise_conv1.bias - torch.Size([768]): 
PretrainedInit: load from https://download.openmmlab.com/mmclassification/v0/convnext/downstream/convnext-tiny_3rdparty_32xb128-noema_in1k_20220301-795e9634.pth 

backbone.stages.1.0.pointwise_conv2.weight - torch.Size([192, 768]): 
PretrainedInit: load from https://download.openmmlab.com/mmclassification/v0/convnext/downstream/convnext-tiny_3rdparty_32xb128-noema_in1k_20220301-795e9634.pth 

backbone.stages.1.0.pointwise_conv2.bias - torch.Size([192]): 
PretrainedInit: load from https://download.openmmlab.com/mmclassification/v0/convnext/downstream/convnext-tiny_3rdparty_32xb128-noema_in1k_20220301-795e9634.pth 

backbone.stages.1.1.gamma - torch.Size([192]): 
PretrainedInit: load from https://download.openmmlab.com/mmclassification/v0/convnext/downstream/convnext-tiny_3rdparty_32xb128-noema_in1k_20220301-795e9634.pth 

backbone.stages.1.1.depthwise_conv.weight - torch.Size([192, 1, 7, 7]): 
PretrainedInit: load from https://download.openmmlab.com/mmclassification/v0/convnext/downstream/convnext-tiny_3rdparty_32xb128-noema_in1k_20220301-795e9634.pth 

backbone.stages.1.1.depthwise_conv.bias - torch.Size([192]): 
PretrainedInit: load from https://download.openmmlab.com/mmclassification/v0/convnext/downstream/convnext-tiny_3rdparty_32xb128-noema_in1k_20220301-795e9634.pth 

backbone.stages.1.1.norm.weight - torch.Size([192]): 
PretrainedInit: load from https://download.openmmlab.com/mmclassification/v0/convnext/downstream/convnext-tiny_3rdparty_32xb128-noema_in1k_20220301-795e9634.pth 

backbone.stages.1.1.norm.bias - torch.Size([192]): 
PretrainedInit: load from https://download.openmmlab.com/mmclassification/v0/convnext/downstream/convnext-tiny_3rdparty_32xb128-noema_in1k_20220301-795e9634.pth 

backbone.stages.1.1.pointwise_conv1.weight - torch.Size([768, 192]): 
PretrainedInit: load from https://download.openmmlab.com/mmclassification/v0/convnext/downstream/convnext-tiny_3rdparty_32xb128-noema_in1k_20220301-795e9634.pth 

backbone.stages.1.1.pointwise_conv1.bias - torch.Size([768]): 
PretrainedInit: load from https://download.openmmlab.com/mmclassification/v0/convnext/downstream/convnext-tiny_3rdparty_32xb128-noema_in1k_20220301-795e9634.pth 

backbone.stages.1.1.pointwise_conv2.weight - torch.Size([192, 768]): 
PretrainedInit: load from https://download.openmmlab.com/mmclassification/v0/convnext/downstream/convnext-tiny_3rdparty_32xb128-noema_in1k_20220301-795e9634.pth 

backbone.stages.1.1.pointwise_conv2.bias - torch.Size([192]): 
PretrainedInit: load from https://download.openmmlab.com/mmclassification/v0/convnext/downstream/convnext-tiny_3rdparty_32xb128-noema_in1k_20220301-795e9634.pth 

backbone.stages.1.2.gamma - torch.Size([192]): 
PretrainedInit: load from https://download.openmmlab.com/mmclassification/v0/convnext/downstream/convnext-tiny_3rdparty_32xb128-noema_in1k_20220301-795e9634.pth 

backbone.stages.1.2.depthwise_conv.weight - torch.Size([192, 1, 7, 7]): 
PretrainedInit: load from https://download.openmmlab.com/mmclassification/v0/convnext/downstream/convnext-tiny_3rdparty_32xb128-noema_in1k_20220301-795e9634.pth 

backbone.stages.1.2.depthwise_conv.bias - torch.Size([192]): 
PretrainedInit: load from https://download.openmmlab.com/mmclassification/v0/convnext/downstream/convnext-tiny_3rdparty_32xb128-noema_in1k_20220301-795e9634.pth 

backbone.stages.1.2.norm.weight - torch.Size([192]): 
PretrainedInit: load from https://download.openmmlab.com/mmclassification/v0/convnext/downstream/convnext-tiny_3rdparty_32xb128-noema_in1k_20220301-795e9634.pth 

backbone.stages.1.2.norm.bias - torch.Size([192]): 
PretrainedInit: load from https://download.openmmlab.com/mmclassification/v0/convnext/downstream/convnext-tiny_3rdparty_32xb128-noema_in1k_20220301-795e9634.pth 

backbone.stages.1.2.pointwise_conv1.weight - torch.Size([768, 192]): 
PretrainedInit: load from https://download.openmmlab.com/mmclassification/v0/convnext/downstream/convnext-tiny_3rdparty_32xb128-noema_in1k_20220301-795e9634.pth 

backbone.stages.1.2.pointwise_conv1.bias - torch.Size([768]): 
PretrainedInit: load from https://download.openmmlab.com/mmclassification/v0/convnext/downstream/convnext-tiny_3rdparty_32xb128-noema_in1k_20220301-795e9634.pth 

backbone.stages.1.2.pointwise_conv2.weight - torch.Size([192, 768]): 
PretrainedInit: load from https://download.openmmlab.com/mmclassification/v0/convnext/downstream/convnext-tiny_3rdparty_32xb128-noema_in1k_20220301-795e9634.pth 

backbone.stages.1.2.pointwise_conv2.bias - torch.Size([192]): 
PretrainedInit: load from https://download.openmmlab.com/mmclassification/v0/convnext/downstream/convnext-tiny_3rdparty_32xb128-noema_in1k_20220301-795e9634.pth 

backbone.stages.2.0.gamma - torch.Size([384]): 
PretrainedInit: load from https://download.openmmlab.com/mmclassification/v0/convnext/downstream/convnext-tiny_3rdparty_32xb128-noema_in1k_20220301-795e9634.pth 

backbone.stages.2.0.depthwise_conv.weight - torch.Size([384, 1, 7, 7]): 
PretrainedInit: load from https://download.openmmlab.com/mmclassification/v0/convnext/downstream/convnext-tiny_3rdparty_32xb128-noema_in1k_20220301-795e9634.pth 

backbone.stages.2.0.depthwise_conv.bias - torch.Size([384]): 
PretrainedInit: load from https://download.openmmlab.com/mmclassification/v0/convnext/downstream/convnext-tiny_3rdparty_32xb128-noema_in1k_20220301-795e9634.pth 

backbone.stages.2.0.norm.weight - torch.Size([384]): 
PretrainedInit: load from https://download.openmmlab.com/mmclassification/v0/convnext/downstream/convnext-tiny_3rdparty_32xb128-noema_in1k_20220301-795e9634.pth 

backbone.stages.2.0.norm.bias - torch.Size([384]): 
PretrainedInit: load from https://download.openmmlab.com/mmclassification/v0/convnext/downstream/convnext-tiny_3rdparty_32xb128-noema_in1k_20220301-795e9634.pth 

backbone.stages.2.0.pointwise_conv1.weight - torch.Size([1536, 384]): 
PretrainedInit: load from https://download.openmmlab.com/mmclassification/v0/convnext/downstream/convnext-tiny_3rdparty_32xb128-noema_in1k_20220301-795e9634.pth 

backbone.stages.2.0.pointwise_conv1.bias - torch.Size([1536]): 
PretrainedInit: load from https://download.openmmlab.com/mmclassification/v0/convnext/downstream/convnext-tiny_3rdparty_32xb128-noema_in1k_20220301-795e9634.pth 

backbone.stages.2.0.pointwise_conv2.weight - torch.Size([384, 1536]): 
PretrainedInit: load from https://download.openmmlab.com/mmclassification/v0/convnext/downstream/convnext-tiny_3rdparty_32xb128-noema_in1k_20220301-795e9634.pth 

backbone.stages.2.0.pointwise_conv2.bias - torch.Size([384]): 
PretrainedInit: load from https://download.openmmlab.com/mmclassification/v0/convnext/downstream/convnext-tiny_3rdparty_32xb128-noema_in1k_20220301-795e9634.pth 

backbone.stages.2.1.gamma - torch.Size([384]): 
PretrainedInit: load from https://download.openmmlab.com/mmclassification/v0/convnext/downstream/convnext-tiny_3rdparty_32xb128-noema_in1k_20220301-795e9634.pth 

backbone.stages.2.1.depthwise_conv.weight - torch.Size([384, 1, 7, 7]): 
PretrainedInit: load from https://download.openmmlab.com/mmclassification/v0/convnext/downstream/convnext-tiny_3rdparty_32xb128-noema_in1k_20220301-795e9634.pth 

backbone.stages.2.1.depthwise_conv.bias - torch.Size([384]): 
PretrainedInit: load from https://download.openmmlab.com/mmclassification/v0/convnext/downstream/convnext-tiny_3rdparty_32xb128-noema_in1k_20220301-795e9634.pth 

backbone.stages.2.1.norm.weight - torch.Size([384]): 
PretrainedInit: load from https://download.openmmlab.com/mmclassification/v0/convnext/downstream/convnext-tiny_3rdparty_32xb128-noema_in1k_20220301-795e9634.pth 

backbone.stages.2.1.norm.bias - torch.Size([384]): 
PretrainedInit: load from https://download.openmmlab.com/mmclassification/v0/convnext/downstream/convnext-tiny_3rdparty_32xb128-noema_in1k_20220301-795e9634.pth 

backbone.stages.2.1.pointwise_conv1.weight - torch.Size([1536, 384]): 
PretrainedInit: load from https://download.openmmlab.com/mmclassification/v0/convnext/downstream/convnext-tiny_3rdparty_32xb128-noema_in1k_20220301-795e9634.pth 

backbone.stages.2.1.pointwise_conv1.bias - torch.Size([1536]): 
PretrainedInit: load from https://download.openmmlab.com/mmclassification/v0/convnext/downstream/convnext-tiny_3rdparty_32xb128-noema_in1k_20220301-795e9634.pth 

backbone.stages.2.1.pointwise_conv2.weight - torch.Size([384, 1536]): 
PretrainedInit: load from https://download.openmmlab.com/mmclassification/v0/convnext/downstream/convnext-tiny_3rdparty_32xb128-noema_in1k_20220301-795e9634.pth 

backbone.stages.2.1.pointwise_conv2.bias - torch.Size([384]): 
PretrainedInit: load from https://download.openmmlab.com/mmclassification/v0/convnext/downstream/convnext-tiny_3rdparty_32xb128-noema_in1k_20220301-795e9634.pth 

backbone.stages.2.2.gamma - torch.Size([384]): 
PretrainedInit: load from https://download.openmmlab.com/mmclassification/v0/convnext/downstream/convnext-tiny_3rdparty_32xb128-noema_in1k_20220301-795e9634.pth 

backbone.stages.2.2.depthwise_conv.weight - torch.Size([384, 1, 7, 7]): 
PretrainedInit: load from https://download.openmmlab.com/mmclassification/v0/convnext/downstream/convnext-tiny_3rdparty_32xb128-noema_in1k_20220301-795e9634.pth 

backbone.stages.2.2.depthwise_conv.bias - torch.Size([384]): 
PretrainedInit: load from https://download.openmmlab.com/mmclassification/v0/convnext/downstream/convnext-tiny_3rdparty_32xb128-noema_in1k_20220301-795e9634.pth 

backbone.stages.2.2.norm.weight - torch.Size([384]): 
PretrainedInit: load from https://download.openmmlab.com/mmclassification/v0/convnext/downstream/convnext-tiny_3rdparty_32xb128-noema_in1k_20220301-795e9634.pth 

backbone.stages.2.2.norm.bias - torch.Size([384]): 
PretrainedInit: load from https://download.openmmlab.com/mmclassification/v0/convnext/downstream/convnext-tiny_3rdparty_32xb128-noema_in1k_20220301-795e9634.pth 

backbone.stages.2.2.pointwise_conv1.weight - torch.Size([1536, 384]): 
PretrainedInit: load from https://download.openmmlab.com/mmclassification/v0/convnext/downstream/convnext-tiny_3rdparty_32xb128-noema_in1k_20220301-795e9634.pth 

backbone.stages.2.2.pointwise_conv1.bias - torch.Size([1536]): 
PretrainedInit: load from https://download.openmmlab.com/mmclassification/v0/convnext/downstream/convnext-tiny_3rdparty_32xb128-noema_in1k_20220301-795e9634.pth 

backbone.stages.2.2.pointwise_conv2.weight - torch.Size([384, 1536]): 
PretrainedInit: load from https://download.openmmlab.com/mmclassification/v0/convnext/downstream/convnext-tiny_3rdparty_32xb128-noema_in1k_20220301-795e9634.pth 

backbone.stages.2.2.pointwise_conv2.bias - torch.Size([384]): 
PretrainedInit: load from https://download.openmmlab.com/mmclassification/v0/convnext/downstream/convnext-tiny_3rdparty_32xb128-noema_in1k_20220301-795e9634.pth 

backbone.stages.2.3.gamma - torch.Size([384]): 
PretrainedInit: load from https://download.openmmlab.com/mmclassification/v0/convnext/downstream/convnext-tiny_3rdparty_32xb128-noema_in1k_20220301-795e9634.pth 

backbone.stages.2.3.depthwise_conv.weight - torch.Size([384, 1, 7, 7]): 
PretrainedInit: load from https://download.openmmlab.com/mmclassification/v0/convnext/downstream/convnext-tiny_3rdparty_32xb128-noema_in1k_20220301-795e9634.pth 

backbone.stages.2.3.depthwise_conv.bias - torch.Size([384]): 
PretrainedInit: load from https://download.openmmlab.com/mmclassification/v0/convnext/downstream/convnext-tiny_3rdparty_32xb128-noema_in1k_20220301-795e9634.pth 

backbone.stages.2.3.norm.weight - torch.Size([384]): 
PretrainedInit: load from https://download.openmmlab.com/mmclassification/v0/convnext/downstream/convnext-tiny_3rdparty_32xb128-noema_in1k_20220301-795e9634.pth 

backbone.stages.2.3.norm.bias - torch.Size([384]): 
PretrainedInit: load from https://download.openmmlab.com/mmclassification/v0/convnext/downstream/convnext-tiny_3rdparty_32xb128-noema_in1k_20220301-795e9634.pth 

backbone.stages.2.3.pointwise_conv1.weight - torch.Size([1536, 384]): 
PretrainedInit: load from https://download.openmmlab.com/mmclassification/v0/convnext/downstream/convnext-tiny_3rdparty_32xb128-noema_in1k_20220301-795e9634.pth 

backbone.stages.2.3.pointwise_conv1.bias - torch.Size([1536]): 
PretrainedInit: load from https://download.openmmlab.com/mmclassification/v0/convnext/downstream/convnext-tiny_3rdparty_32xb128-noema_in1k_20220301-795e9634.pth 

backbone.stages.2.3.pointwise_conv2.weight - torch.Size([384, 1536]): 
PretrainedInit: load from https://download.openmmlab.com/mmclassification/v0/convnext/downstream/convnext-tiny_3rdparty_32xb128-noema_in1k_20220301-795e9634.pth 

backbone.stages.2.3.pointwise_conv2.bias - torch.Size([384]): 
PretrainedInit: load from https://download.openmmlab.com/mmclassification/v0/convnext/downstream/convnext-tiny_3rdparty_32xb128-noema_in1k_20220301-795e9634.pth 

backbone.stages.2.4.gamma - torch.Size([384]): 
PretrainedInit: load from https://download.openmmlab.com/mmclassification/v0/convnext/downstream/convnext-tiny_3rdparty_32xb128-noema_in1k_20220301-795e9634.pth 

backbone.stages.2.4.depthwise_conv.weight - torch.Size([384, 1, 7, 7]): 
PretrainedInit: load from https://download.openmmlab.com/mmclassification/v0/convnext/downstream/convnext-tiny_3rdparty_32xb128-noema_in1k_20220301-795e9634.pth 

backbone.stages.2.4.depthwise_conv.bias - torch.Size([384]): 
PretrainedInit: load from https://download.openmmlab.com/mmclassification/v0/convnext/downstream/convnext-tiny_3rdparty_32xb128-noema_in1k_20220301-795e9634.pth 

backbone.stages.2.4.norm.weight - torch.Size([384]): 
PretrainedInit: load from https://download.openmmlab.com/mmclassification/v0/convnext/downstream/convnext-tiny_3rdparty_32xb128-noema_in1k_20220301-795e9634.pth 

backbone.stages.2.4.norm.bias - torch.Size([384]): 
PretrainedInit: load from https://download.openmmlab.com/mmclassification/v0/convnext/downstream/convnext-tiny_3rdparty_32xb128-noema_in1k_20220301-795e9634.pth 

backbone.stages.2.4.pointwise_conv1.weight - torch.Size([1536, 384]): 
PretrainedInit: load from https://download.openmmlab.com/mmclassification/v0/convnext/downstream/convnext-tiny_3rdparty_32xb128-noema_in1k_20220301-795e9634.pth 

backbone.stages.2.4.pointwise_conv1.bias - torch.Size([1536]): 
PretrainedInit: load from https://download.openmmlab.com/mmclassification/v0/convnext/downstream/convnext-tiny_3rdparty_32xb128-noema_in1k_20220301-795e9634.pth 

backbone.stages.2.4.pointwise_conv2.weight - torch.Size([384, 1536]): 
PretrainedInit: load from https://download.openmmlab.com/mmclassification/v0/convnext/downstream/convnext-tiny_3rdparty_32xb128-noema_in1k_20220301-795e9634.pth 

backbone.stages.2.4.pointwise_conv2.bias - torch.Size([384]): 
PretrainedInit: load from https://download.openmmlab.com/mmclassification/v0/convnext/downstream/convnext-tiny_3rdparty_32xb128-noema_in1k_20220301-795e9634.pth 

backbone.stages.2.5.gamma - torch.Size([384]): 
PretrainedInit: load from https://download.openmmlab.com/mmclassification/v0/convnext/downstream/convnext-tiny_3rdparty_32xb128-noema_in1k_20220301-795e9634.pth 

backbone.stages.2.5.depthwise_conv.weight - torch.Size([384, 1, 7, 7]): 
PretrainedInit: load from https://download.openmmlab.com/mmclassification/v0/convnext/downstream/convnext-tiny_3rdparty_32xb128-noema_in1k_20220301-795e9634.pth 

backbone.stages.2.5.depthwise_conv.bias - torch.Size([384]): 
PretrainedInit: load from https://download.openmmlab.com/mmclassification/v0/convnext/downstream/convnext-tiny_3rdparty_32xb128-noema_in1k_20220301-795e9634.pth 

backbone.stages.2.5.norm.weight - torch.Size([384]): 
PretrainedInit: load from https://download.openmmlab.com/mmclassification/v0/convnext/downstream/convnext-tiny_3rdparty_32xb128-noema_in1k_20220301-795e9634.pth 

backbone.stages.2.5.norm.bias - torch.Size([384]): 
PretrainedInit: load from https://download.openmmlab.com/mmclassification/v0/convnext/downstream/convnext-tiny_3rdparty_32xb128-noema_in1k_20220301-795e9634.pth 

backbone.stages.2.5.pointwise_conv1.weight - torch.Size([1536, 384]): 
PretrainedInit: load from https://download.openmmlab.com/mmclassification/v0/convnext/downstream/convnext-tiny_3rdparty_32xb128-noema_in1k_20220301-795e9634.pth 

backbone.stages.2.5.pointwise_conv1.bias - torch.Size([1536]): 
PretrainedInit: load from https://download.openmmlab.com/mmclassification/v0/convnext/downstream/convnext-tiny_3rdparty_32xb128-noema_in1k_20220301-795e9634.pth 

backbone.stages.2.5.pointwise_conv2.weight - torch.Size([384, 1536]): 
PretrainedInit: load from https://download.openmmlab.com/mmclassification/v0/convnext/downstream/convnext-tiny_3rdparty_32xb128-noema_in1k_20220301-795e9634.pth 

backbone.stages.2.5.pointwise_conv2.bias - torch.Size([384]): 
PretrainedInit: load from https://download.openmmlab.com/mmclassification/v0/convnext/downstream/convnext-tiny_3rdparty_32xb128-noema_in1k_20220301-795e9634.pth 

backbone.stages.2.6.gamma - torch.Size([384]): 
PretrainedInit: load from https://download.openmmlab.com/mmclassification/v0/convnext/downstream/convnext-tiny_3rdparty_32xb128-noema_in1k_20220301-795e9634.pth 

backbone.stages.2.6.depthwise_conv.weight - torch.Size([384, 1, 7, 7]): 
PretrainedInit: load from https://download.openmmlab.com/mmclassification/v0/convnext/downstream/convnext-tiny_3rdparty_32xb128-noema_in1k_20220301-795e9634.pth 

backbone.stages.2.6.depthwise_conv.bias - torch.Size([384]): 
PretrainedInit: load from https://download.openmmlab.com/mmclassification/v0/convnext/downstream/convnext-tiny_3rdparty_32xb128-noema_in1k_20220301-795e9634.pth 

backbone.stages.2.6.norm.weight - torch.Size([384]): 
PretrainedInit: load from https://download.openmmlab.com/mmclassification/v0/convnext/downstream/convnext-tiny_3rdparty_32xb128-noema_in1k_20220301-795e9634.pth 

backbone.stages.2.6.norm.bias - torch.Size([384]): 
PretrainedInit: load from https://download.openmmlab.com/mmclassification/v0/convnext/downstream/convnext-tiny_3rdparty_32xb128-noema_in1k_20220301-795e9634.pth 

backbone.stages.2.6.pointwise_conv1.weight - torch.Size([1536, 384]): 
PretrainedInit: load from https://download.openmmlab.com/mmclassification/v0/convnext/downstream/convnext-tiny_3rdparty_32xb128-noema_in1k_20220301-795e9634.pth 

backbone.stages.2.6.pointwise_conv1.bias - torch.Size([1536]): 
PretrainedInit: load from https://download.openmmlab.com/mmclassification/v0/convnext/downstream/convnext-tiny_3rdparty_32xb128-noema_in1k_20220301-795e9634.pth 

backbone.stages.2.6.pointwise_conv2.weight - torch.Size([384, 1536]): 
PretrainedInit: load from https://download.openmmlab.com/mmclassification/v0/convnext/downstream/convnext-tiny_3rdparty_32xb128-noema_in1k_20220301-795e9634.pth 

backbone.stages.2.6.pointwise_conv2.bias - torch.Size([384]): 
PretrainedInit: load from https://download.openmmlab.com/mmclassification/v0/convnext/downstream/convnext-tiny_3rdparty_32xb128-noema_in1k_20220301-795e9634.pth 

backbone.stages.2.7.gamma - torch.Size([384]): 
PretrainedInit: load from https://download.openmmlab.com/mmclassification/v0/convnext/downstream/convnext-tiny_3rdparty_32xb128-noema_in1k_20220301-795e9634.pth 

backbone.stages.2.7.depthwise_conv.weight - torch.Size([384, 1, 7, 7]): 
PretrainedInit: load from https://download.openmmlab.com/mmclassification/v0/convnext/downstream/convnext-tiny_3rdparty_32xb128-noema_in1k_20220301-795e9634.pth 

backbone.stages.2.7.depthwise_conv.bias - torch.Size([384]): 
PretrainedInit: load from https://download.openmmlab.com/mmclassification/v0/convnext/downstream/convnext-tiny_3rdparty_32xb128-noema_in1k_20220301-795e9634.pth 

backbone.stages.2.7.norm.weight - torch.Size([384]): 
PretrainedInit: load from https://download.openmmlab.com/mmclassification/v0/convnext/downstream/convnext-tiny_3rdparty_32xb128-noema_in1k_20220301-795e9634.pth 

backbone.stages.2.7.norm.bias - torch.Size([384]): 
PretrainedInit: load from https://download.openmmlab.com/mmclassification/v0/convnext/downstream/convnext-tiny_3rdparty_32xb128-noema_in1k_20220301-795e9634.pth 

backbone.stages.2.7.pointwise_conv1.weight - torch.Size([1536, 384]): 
PretrainedInit: load from https://download.openmmlab.com/mmclassification/v0/convnext/downstream/convnext-tiny_3rdparty_32xb128-noema_in1k_20220301-795e9634.pth 

backbone.stages.2.7.pointwise_conv1.bias - torch.Size([1536]): 
PretrainedInit: load from https://download.openmmlab.com/mmclassification/v0/convnext/downstream/convnext-tiny_3rdparty_32xb128-noema_in1k_20220301-795e9634.pth 

backbone.stages.2.7.pointwise_conv2.weight - torch.Size([384, 1536]): 
PretrainedInit: load from https://download.openmmlab.com/mmclassification/v0/convnext/downstream/convnext-tiny_3rdparty_32xb128-noema_in1k_20220301-795e9634.pth 

backbone.stages.2.7.pointwise_conv2.bias - torch.Size([384]): 
PretrainedInit: load from https://download.openmmlab.com/mmclassification/v0/convnext/downstream/convnext-tiny_3rdparty_32xb128-noema_in1k_20220301-795e9634.pth 

backbone.stages.2.8.gamma - torch.Size([384]): 
PretrainedInit: load from https://download.openmmlab.com/mmclassification/v0/convnext/downstream/convnext-tiny_3rdparty_32xb128-noema_in1k_20220301-795e9634.pth 

backbone.stages.2.8.depthwise_conv.weight - torch.Size([384, 1, 7, 7]): 
PretrainedInit: load from https://download.openmmlab.com/mmclassification/v0/convnext/downstream/convnext-tiny_3rdparty_32xb128-noema_in1k_20220301-795e9634.pth 

backbone.stages.2.8.depthwise_conv.bias - torch.Size([384]): 
PretrainedInit: load from https://download.openmmlab.com/mmclassification/v0/convnext/downstream/convnext-tiny_3rdparty_32xb128-noema_in1k_20220301-795e9634.pth 

backbone.stages.2.8.norm.weight - torch.Size([384]): 
PretrainedInit: load from https://download.openmmlab.com/mmclassification/v0/convnext/downstream/convnext-tiny_3rdparty_32xb128-noema_in1k_20220301-795e9634.pth 

backbone.stages.2.8.norm.bias - torch.Size([384]): 
PretrainedInit: load from https://download.openmmlab.com/mmclassification/v0/convnext/downstream/convnext-tiny_3rdparty_32xb128-noema_in1k_20220301-795e9634.pth 

backbone.stages.2.8.pointwise_conv1.weight - torch.Size([1536, 384]): 
PretrainedInit: load from https://download.openmmlab.com/mmclassification/v0/convnext/downstream/convnext-tiny_3rdparty_32xb128-noema_in1k_20220301-795e9634.pth 

backbone.stages.2.8.pointwise_conv1.bias - torch.Size([1536]): 
PretrainedInit: load from https://download.openmmlab.com/mmclassification/v0/convnext/downstream/convnext-tiny_3rdparty_32xb128-noema_in1k_20220301-795e9634.pth 

backbone.stages.2.8.pointwise_conv2.weight - torch.Size([384, 1536]): 
PretrainedInit: load from https://download.openmmlab.com/mmclassification/v0/convnext/downstream/convnext-tiny_3rdparty_32xb128-noema_in1k_20220301-795e9634.pth 

backbone.stages.2.8.pointwise_conv2.bias - torch.Size([384]): 
PretrainedInit: load from https://download.openmmlab.com/mmclassification/v0/convnext/downstream/convnext-tiny_3rdparty_32xb128-noema_in1k_20220301-795e9634.pth 

backbone.stages.3.0.gamma - torch.Size([768]): 
PretrainedInit: load from https://download.openmmlab.com/mmclassification/v0/convnext/downstream/convnext-tiny_3rdparty_32xb128-noema_in1k_20220301-795e9634.pth 

backbone.stages.3.0.depthwise_conv.weight - torch.Size([768, 1, 7, 7]): 
PretrainedInit: load from https://download.openmmlab.com/mmclassification/v0/convnext/downstream/convnext-tiny_3rdparty_32xb128-noema_in1k_20220301-795e9634.pth 

backbone.stages.3.0.depthwise_conv.bias - torch.Size([768]): 
PretrainedInit: load from https://download.openmmlab.com/mmclassification/v0/convnext/downstream/convnext-tiny_3rdparty_32xb128-noema_in1k_20220301-795e9634.pth 

backbone.stages.3.0.norm.weight - torch.Size([768]): 
PretrainedInit: load from https://download.openmmlab.com/mmclassification/v0/convnext/downstream/convnext-tiny_3rdparty_32xb128-noema_in1k_20220301-795e9634.pth 

backbone.stages.3.0.norm.bias - torch.Size([768]): 
PretrainedInit: load from https://download.openmmlab.com/mmclassification/v0/convnext/downstream/convnext-tiny_3rdparty_32xb128-noema_in1k_20220301-795e9634.pth 

backbone.stages.3.0.pointwise_conv1.weight - torch.Size([3072, 768]): 
PretrainedInit: load from https://download.openmmlab.com/mmclassification/v0/convnext/downstream/convnext-tiny_3rdparty_32xb128-noema_in1k_20220301-795e9634.pth 

backbone.stages.3.0.pointwise_conv1.bias - torch.Size([3072]): 
PretrainedInit: load from https://download.openmmlab.com/mmclassification/v0/convnext/downstream/convnext-tiny_3rdparty_32xb128-noema_in1k_20220301-795e9634.pth 

backbone.stages.3.0.pointwise_conv2.weight - torch.Size([768, 3072]): 
PretrainedInit: load from https://download.openmmlab.com/mmclassification/v0/convnext/downstream/convnext-tiny_3rdparty_32xb128-noema_in1k_20220301-795e9634.pth 

backbone.stages.3.0.pointwise_conv2.bias - torch.Size([768]): 
PretrainedInit: load from https://download.openmmlab.com/mmclassification/v0/convnext/downstream/convnext-tiny_3rdparty_32xb128-noema_in1k_20220301-795e9634.pth 

backbone.stages.3.1.gamma - torch.Size([768]): 
PretrainedInit: load from https://download.openmmlab.com/mmclassification/v0/convnext/downstream/convnext-tiny_3rdparty_32xb128-noema_in1k_20220301-795e9634.pth 

backbone.stages.3.1.depthwise_conv.weight - torch.Size([768, 1, 7, 7]): 
PretrainedInit: load from https://download.openmmlab.com/mmclassification/v0/convnext/downstream/convnext-tiny_3rdparty_32xb128-noema_in1k_20220301-795e9634.pth 

backbone.stages.3.1.depthwise_conv.bias - torch.Size([768]): 
PretrainedInit: load from https://download.openmmlab.com/mmclassification/v0/convnext/downstream/convnext-tiny_3rdparty_32xb128-noema_in1k_20220301-795e9634.pth 

backbone.stages.3.1.norm.weight - torch.Size([768]): 
PretrainedInit: load from https://download.openmmlab.com/mmclassification/v0/convnext/downstream/convnext-tiny_3rdparty_32xb128-noema_in1k_20220301-795e9634.pth 

backbone.stages.3.1.norm.bias - torch.Size([768]): 
PretrainedInit: load from https://download.openmmlab.com/mmclassification/v0/convnext/downstream/convnext-tiny_3rdparty_32xb128-noema_in1k_20220301-795e9634.pth 

backbone.stages.3.1.pointwise_conv1.weight - torch.Size([3072, 768]): 
PretrainedInit: load from https://download.openmmlab.com/mmclassification/v0/convnext/downstream/convnext-tiny_3rdparty_32xb128-noema_in1k_20220301-795e9634.pth 

backbone.stages.3.1.pointwise_conv1.bias - torch.Size([3072]): 
PretrainedInit: load from https://download.openmmlab.com/mmclassification/v0/convnext/downstream/convnext-tiny_3rdparty_32xb128-noema_in1k_20220301-795e9634.pth 

backbone.stages.3.1.pointwise_conv2.weight - torch.Size([768, 3072]): 
PretrainedInit: load from https://download.openmmlab.com/mmclassification/v0/convnext/downstream/convnext-tiny_3rdparty_32xb128-noema_in1k_20220301-795e9634.pth 

backbone.stages.3.1.pointwise_conv2.bias - torch.Size([768]): 
PretrainedInit: load from https://download.openmmlab.com/mmclassification/v0/convnext/downstream/convnext-tiny_3rdparty_32xb128-noema_in1k_20220301-795e9634.pth 

backbone.stages.3.2.gamma - torch.Size([768]): 
PretrainedInit: load from https://download.openmmlab.com/mmclassification/v0/convnext/downstream/convnext-tiny_3rdparty_32xb128-noema_in1k_20220301-795e9634.pth 

backbone.stages.3.2.depthwise_conv.weight - torch.Size([768, 1, 7, 7]): 
PretrainedInit: load from https://download.openmmlab.com/mmclassification/v0/convnext/downstream/convnext-tiny_3rdparty_32xb128-noema_in1k_20220301-795e9634.pth 

backbone.stages.3.2.depthwise_conv.bias - torch.Size([768]): 
PretrainedInit: load from https://download.openmmlab.com/mmclassification/v0/convnext/downstream/convnext-tiny_3rdparty_32xb128-noema_in1k_20220301-795e9634.pth 

backbone.stages.3.2.norm.weight - torch.Size([768]): 
PretrainedInit: load from https://download.openmmlab.com/mmclassification/v0/convnext/downstream/convnext-tiny_3rdparty_32xb128-noema_in1k_20220301-795e9634.pth 

backbone.stages.3.2.norm.bias - torch.Size([768]): 
PretrainedInit: load from https://download.openmmlab.com/mmclassification/v0/convnext/downstream/convnext-tiny_3rdparty_32xb128-noema_in1k_20220301-795e9634.pth 

backbone.stages.3.2.pointwise_conv1.weight - torch.Size([3072, 768]): 
PretrainedInit: load from https://download.openmmlab.com/mmclassification/v0/convnext/downstream/convnext-tiny_3rdparty_32xb128-noema_in1k_20220301-795e9634.pth 

backbone.stages.3.2.pointwise_conv1.bias - torch.Size([3072]): 
PretrainedInit: load from https://download.openmmlab.com/mmclassification/v0/convnext/downstream/convnext-tiny_3rdparty_32xb128-noema_in1k_20220301-795e9634.pth 

backbone.stages.3.2.pointwise_conv2.weight - torch.Size([768, 3072]): 
PretrainedInit: load from https://download.openmmlab.com/mmclassification/v0/convnext/downstream/convnext-tiny_3rdparty_32xb128-noema_in1k_20220301-795e9634.pth 

backbone.stages.3.2.pointwise_conv2.bias - torch.Size([768]): 
PretrainedInit: load from https://download.openmmlab.com/mmclassification/v0/convnext/downstream/convnext-tiny_3rdparty_32xb128-noema_in1k_20220301-795e9634.pth 

backbone.norm0.weight - torch.Size([96]): 
The value is the same before and after calling `init_weights` of TOOD  

backbone.norm0.bias - torch.Size([96]): 
The value is the same before and after calling `init_weights` of TOOD  

backbone.norm1.weight - torch.Size([192]): 
The value is the same before and after calling `init_weights` of TOOD  

backbone.norm1.bias - torch.Size([192]): 
The value is the same before and after calling `init_weights` of TOOD  

backbone.norm2.weight - torch.Size([384]): 
The value is the same before and after calling `init_weights` of TOOD  

backbone.norm2.bias - torch.Size([384]): 
The value is the same before and after calling `init_weights` of TOOD  

backbone.norm3.weight - torch.Size([768]): 
The value is the same before and after calling `init_weights` of TOOD  

backbone.norm3.bias - torch.Size([768]): 
The value is the same before and after calling `init_weights` of TOOD  

neck.lateral_convs.0.conv.weight - torch.Size([256, 192, 1, 1]): 
XavierInit: gain=1, distribution=uniform, bias=0 

neck.lateral_convs.0.conv.bias - torch.Size([256]): 
The value is the same before and after calling `init_weights` of TOOD  

neck.lateral_convs.1.conv.weight - torch.Size([256, 384, 1, 1]): 
XavierInit: gain=1, distribution=uniform, bias=0 

neck.lateral_convs.1.conv.bias - torch.Size([256]): 
The value is the same before and after calling `init_weights` of TOOD  

neck.lateral_convs.2.conv.weight - torch.Size([256, 768, 1, 1]): 
XavierInit: gain=1, distribution=uniform, bias=0 

neck.lateral_convs.2.conv.bias - torch.Size([256]): 
The value is the same before and after calling `init_weights` of TOOD  

neck.fpn_convs.0.conv.weight - torch.Size([256, 256, 3, 3]): 
XavierInit: gain=1, distribution=uniform, bias=0 

neck.fpn_convs.0.conv.bias - torch.Size([256]): 
The value is the same before and after calling `init_weights` of TOOD  

neck.fpn_convs.1.conv.weight - torch.Size([256, 256, 3, 3]): 
XavierInit: gain=1, distribution=uniform, bias=0 

neck.fpn_convs.1.conv.bias - torch.Size([256]): 
The value is the same before and after calling `init_weights` of TOOD  

neck.fpn_convs.2.conv.weight - torch.Size([256, 256, 3, 3]): 
XavierInit: gain=1, distribution=uniform, bias=0 

neck.fpn_convs.2.conv.bias - torch.Size([256]): 
The value is the same before and after calling `init_weights` of TOOD  

neck.fpn_convs.3.conv.weight - torch.Size([256, 256, 3, 3]): 
XavierInit: gain=1, distribution=uniform, bias=0 

neck.fpn_convs.3.conv.bias - torch.Size([256]): 
The value is the same before and after calling `init_weights` of TOOD  

neck.fpn_convs.4.conv.weight - torch.Size([256, 256, 3, 3]): 
XavierInit: gain=1, distribution=uniform, bias=0 

neck.fpn_convs.4.conv.bias - torch.Size([256]): 
The value is the same before and after calling `init_weights` of TOOD  

bbox_head.inter_convs.0.conv.weight - torch.Size([256, 256, 3, 3]): 
Initialized by user-defined `init_weights` in TOODHead  

bbox_head.inter_convs.0.gn.weight - torch.Size([256]): 
The value is the same before and after calling `init_weights` of TOOD  

bbox_head.inter_convs.0.gn.bias - torch.Size([256]): 
The value is the same before and after calling `init_weights` of TOOD  

bbox_head.inter_convs.1.conv.weight - torch.Size([256, 256, 3, 3]): 
Initialized by user-defined `init_weights` in TOODHead  

bbox_head.inter_convs.1.gn.weight - torch.Size([256]): 
The value is the same before and after calling `init_weights` of TOOD  

bbox_head.inter_convs.1.gn.bias - torch.Size([256]): 
The value is the same before and after calling `init_weights` of TOOD  

bbox_head.inter_convs.2.conv.weight - torch.Size([256, 256, 3, 3]): 
Initialized by user-defined `init_weights` in TOODHead  

bbox_head.inter_convs.2.gn.weight - torch.Size([256]): 
The value is the same before and after calling `init_weights` of TOOD  

bbox_head.inter_convs.2.gn.bias - torch.Size([256]): 
The value is the same before and after calling `init_weights` of TOOD  

bbox_head.inter_convs.3.conv.weight - torch.Size([256, 256, 3, 3]): 
Initialized by user-defined `init_weights` in TOODHead  

bbox_head.inter_convs.3.gn.weight - torch.Size([256]): 
The value is the same before and after calling `init_weights` of TOOD  

bbox_head.inter_convs.3.gn.bias - torch.Size([256]): 
The value is the same before and after calling `init_weights` of TOOD  

bbox_head.inter_convs.4.conv.weight - torch.Size([256, 256, 3, 3]): 
Initialized by user-defined `init_weights` in TOODHead  

bbox_head.inter_convs.4.gn.weight - torch.Size([256]): 
The value is the same before and after calling `init_weights` of TOOD  

bbox_head.inter_convs.4.gn.bias - torch.Size([256]): 
The value is the same before and after calling `init_weights` of TOOD  

bbox_head.inter_convs.5.conv.weight - torch.Size([256, 256, 3, 3]): 
Initialized by user-defined `init_weights` in TOODHead  

bbox_head.inter_convs.5.gn.weight - torch.Size([256]): 
The value is the same before and after calling `init_weights` of TOOD  

bbox_head.inter_convs.5.gn.bias - torch.Size([256]): 
The value is the same before and after calling `init_weights` of TOOD  

bbox_head.cls_decomp.layer_attention.0.weight - torch.Size([32, 1536, 1, 1]): 
Initialized by user-defined `init_weights` in TOODHead  

bbox_head.cls_decomp.layer_attention.0.bias - torch.Size([32]): 
Initialized by user-defined `init_weights` in TOODHead  

bbox_head.cls_decomp.layer_attention.2.weight - torch.Size([6, 32, 1, 1]): 
Initialized by user-defined `init_weights` in TOODHead  

bbox_head.cls_decomp.layer_attention.2.bias - torch.Size([6]): 
Initialized by user-defined `init_weights` in TOODHead  

bbox_head.cls_decomp.reduction_conv.conv.weight - torch.Size([256, 1536, 1, 1]): 
Initialized by user-defined `init_weights` in TOODHead  

bbox_head.cls_decomp.reduction_conv.gn.weight - torch.Size([256]): 
The value is the same before and after calling `init_weights` of TOOD  

bbox_head.cls_decomp.reduction_conv.gn.bias - torch.Size([256]): 
The value is the same before and after calling `init_weights` of TOOD  

bbox_head.reg_decomp.layer_attention.0.weight - torch.Size([32, 1536, 1, 1]): 
Initialized by user-defined `init_weights` in TOODHead  

bbox_head.reg_decomp.layer_attention.0.bias - torch.Size([32]): 
Initialized by user-defined `init_weights` in TOODHead  

bbox_head.reg_decomp.layer_attention.2.weight - torch.Size([6, 32, 1, 1]): 
Initialized by user-defined `init_weights` in TOODHead  

bbox_head.reg_decomp.layer_attention.2.bias - torch.Size([6]): 
Initialized by user-defined `init_weights` in TOODHead  

bbox_head.reg_decomp.reduction_conv.conv.weight - torch.Size([256, 1536, 1, 1]): 
Initialized by user-defined `init_weights` in TOODHead  

bbox_head.reg_decomp.reduction_conv.gn.weight - torch.Size([256]): 
The value is the same before and after calling `init_weights` of TOOD  

bbox_head.reg_decomp.reduction_conv.gn.bias - torch.Size([256]): 
The value is the same before and after calling `init_weights` of TOOD  

bbox_head.tood_cls.weight - torch.Size([4, 256, 3, 3]): 
Initialized by user-defined `init_weights` in TOODHead  

bbox_head.tood_cls.bias - torch.Size([4]): 
Initialized by user-defined `init_weights` in TOODHead  

bbox_head.tood_reg.weight - torch.Size([4, 256, 3, 3]): 
Initialized by user-defined `init_weights` in TOODHead  

bbox_head.tood_reg.bias - torch.Size([4]): 
Initialized by user-defined `init_weights` in TOODHead  

bbox_head.cls_prob_module.0.weight - torch.Size([64, 1536, 1, 1]): 
Initialized by user-defined `init_weights` in TOODHead  

bbox_head.cls_prob_module.0.bias - torch.Size([64]): 
Initialized by user-defined `init_weights` in TOODHead  

bbox_head.cls_prob_module.2.weight - torch.Size([1, 64, 3, 3]): 
Initialized by user-defined `init_weights` in TOODHead  

bbox_head.cls_prob_module.2.bias - torch.Size([1]): 
Initialized by user-defined `init_weights` in TOODHead  

bbox_head.reg_offset_module.0.weight - torch.Size([64, 1536, 1, 1]): 
Initialized by user-defined `init_weights` in TOODHead  

bbox_head.reg_offset_module.0.bias - torch.Size([64]): 
Initialized by user-defined `init_weights` in TOODHead  

bbox_head.reg_offset_module.2.weight - torch.Size([8, 64, 3, 3]): 
Initialized by user-defined `init_weights` in TOODHead  

bbox_head.reg_offset_module.2.bias - torch.Size([8]): 
Initialized by user-defined `init_weights` in TOODHead  

bbox_head.scales.0.scale - torch.Size([]): 
The value is the same before and after calling `init_weights` of TOOD  

bbox_head.scales.1.scale - torch.Size([]): 
The value is the same before and after calling `init_weights` of TOOD  

bbox_head.scales.2.scale - torch.Size([]): 
The value is the same before and after calling `init_weights` of TOOD  

bbox_head.scales.3.scale - torch.Size([]): 
The value is the same before and after calling `init_weights` of TOOD  

bbox_head.scales.4.scale - torch.Size([]): 
The value is the same before and after calling `init_weights` of TOOD  
2022-07-15 14:43:47,732 - mmdet - INFO - Automatic scaling of learning rate (LR) has been disabled.
2022-07-15 14:43:47,750 - mmdet - INFO - Start running, host: akay@akay, work_dir: /home/akay/Masaüstü/mm/mmdetection/work_dirs/fezamodel_cnext_fpn_thead
2022-07-15 14:43:47,751 - mmdet - INFO - Hooks will be executed in the following order:
before_run:
(VERY_HIGH   ) StepLrUpdaterHook                  
(NORMAL      ) CheckpointHook                     
(LOW         ) EvalHook                           
(VERY_LOW    ) TextLoggerHook                     
 -------------------- 
before_train_epoch:
(VERY_HIGH   ) StepLrUpdaterHook                  
(NORMAL      ) SetEpochInfoHook                   
(LOW         ) IterTimerHook                      
(LOW         ) EvalHook                           
(VERY_LOW    ) TextLoggerHook                     
 -------------------- 
before_train_iter:
(VERY_HIGH   ) StepLrUpdaterHook                  
(LOW         ) IterTimerHook                      
(LOW         ) EvalHook                           
 -------------------- 
after_train_iter:
(ABOVE_NORMAL) OptimizerHook                      
(NORMAL      ) CheckpointHook                     
(LOW         ) IterTimerHook                      
(LOW         ) EvalHook                           
(VERY_LOW    ) TextLoggerHook                     
 -------------------- 
after_train_epoch:
(NORMAL      ) CheckpointHook                     
(LOW         ) EvalHook                           
(VERY_LOW    ) TextLoggerHook                     
 -------------------- 
before_val_epoch:
(LOW         ) IterTimerHook                      
(VERY_LOW    ) TextLoggerHook                     
 -------------------- 
before_val_iter:
(LOW         ) IterTimerHook                      
 -------------------- 
after_val_iter:
(LOW         ) IterTimerHook                      
 -------------------- 
after_val_epoch:
(VERY_LOW    ) TextLoggerHook                     
 -------------------- 
after_run:
(VERY_LOW    ) TextLoggerHook                     
 -------------------- 
2022-07-15 14:43:47,751 - mmdet - INFO - workflow: [('train', 1)], max: 30 epochs
2022-07-15 14:43:47,751 - mmdet - INFO - Checkpoints will be saved to /home/akay/Masaüstü/mm/mmdetection/work_dirs/fezamodel_cnext_fpn_thead by HardDiskBackend.
